Determining if the pthread_create exist failed with the following output:
Change Dir: /home/kr/git/Lancer_robot/lancer_robot_ros/build/CMakeFiles/CMakeTmp

Run Build Command:"/usr/bin/make" "cmTC_9acd4/fast"
/usr/bin/make -f CMakeFiles/cmTC_9acd4.dir/build.make CMakeFiles/cmTC_9acd4.dir/build
make[1]: ディレクトリ '/home/kr/git/Lancer_robot/lancer_robot_ros/build/CMakeFiles/CMakeTmp' に入ります
Building C object CMakeFiles/cmTC_9acd4.dir/CheckSymbolExists.c.o
/usr/bin/cc    -o CMakeFiles/cmTC_9acd4.dir/CheckSymbolExists.c.o   -c /home/kr/git/Lancer_robot/lancer_robot_ros/build/CMakeFiles/CMakeTmp/CheckSymbolExists.c
Linking C executable cmTC_9acd4
/usr/bin/cmake -E cmake_link_script CMakeFiles/cmTC_9acd4.dir/link.txt --verbose=1
/usr/bin/cc      -rdynamic CMakeFiles/cmTC_9acd4.dir/CheckSymbolExists.c.o  -o cmTC_9acd4 
CMakeFiles/cmTC_9acd4.dir/CheckSymbolExists.c.o: 関数 `main' 内:
CheckSymbolExists.c:(.text+0x1b): `pthread_create' に対する定義されていない参照です
collect2: error: ld returned 1 exit status
CMakeFiles/cmTC_9acd4.dir/build.make:97: recipe for target 'cmTC_9acd4' failed
make[1]: *** [cmTC_9acd4] Error 1
make[1]: ディレクトリ '/home/kr/git/Lancer_robot/lancer_robot_ros/build/CMakeFiles/CMakeTmp' から出ます
Makefile:126: recipe for target 'cmTC_9acd4/fast' failed
make: *** [cmTC_9acd4/fast] Error 2

File /home/kr/git/Lancer_robot/lancer_robot_ros/build/CMakeFiles/CMakeTmp/CheckSymbolExists.c:
/* */
#include <pthread.h>

int main(int argc, char** argv)
{
  (void)argv;
#ifndef pthread_create
  return ((int*)(&pthread_create))[argc];
#else
  (void)argc;
  return 0;
#endif
}

Determining if the function pthread_create exists in the pthreads failed with the following output:
Change Dir: /home/kr/git/Lancer_robot/lancer_robot_ros/build/CMakeFiles/CMakeTmp

Run Build Command:"/usr/bin/make" "cmTC_948fe/fast"
/usr/bin/make -f CMakeFiles/cmTC_948fe.dir/build.make CMakeFiles/cmTC_948fe.dir/build
make[1]: ディレクトリ '/home/kr/git/Lancer_robot/lancer_robot_ros/build/CMakeFiles/CMakeTmp' に入ります
Building C object CMakeFiles/cmTC_948fe.dir/CheckFunctionExists.c.o
/usr/bin/cc   -DCHECK_FUNCTION_EXISTS=pthread_create   -o CMakeFiles/cmTC_948fe.dir/CheckFunctionExists.c.o   -c /usr/share/cmake-3.10/Modules/CheckFunctionExists.c
Linking C executable cmTC_948fe
/usr/bin/cmake -E cmake_link_script CMakeFiles/cmTC_948fe.dir/link.txt --verbose=1
/usr/bin/cc  -DCHECK_FUNCTION_EXISTS=pthread_create    -rdynamic CMakeFiles/cmTC_948fe.dir/CheckFunctionExists.c.o  -o cmTC_948fe -lpthreads 
/usr/bin/x86_64-linux-gnu-ld: -lpthreads が見つかりません
collect2: error: ld returned 1 exit status
CMakeFiles/cmTC_948fe.dir/build.make:97: recipe for target 'cmTC_948fe' failed
make[1]: *** [cmTC_948fe] Error 1
make[1]: ディレクトリ '/home/kr/git/Lancer_robot/lancer_robot_ros/build/CMakeFiles/CMakeTmp' から出ます
Makefile:126: recipe for target 'cmTC_948fe/fast' failed
make: *** [cmTC_948fe/fast] Error 2


